{
  "stats": {
    "suites": 1,
    "tests": 1,
    "passes": 1,
    "pending": 0,
    "failures": 0,
    "start": "2020-12-11T04:13:49.630Z",
    "end": "2020-12-11T04:14:03.732Z",
    "duration": 14102,
    "testsRegistered": 1,
    "passPercent": 100,
    "pendingPercent": 0,
    "other": 0,
    "hasOther": false,
    "skipped": 0,
    "hasSkipped": false
  },
  "results": [
    {
      "uuid": "4406b704-ca59-4789-bb3c-6eabf0ac3e47",
      "title": "",
      "fullFile": "cypress/integration/compra.spec.js",
      "file": "cypress/integration/compra.spec.js",
      "beforeHooks": [],
      "afterHooks": [],
      "tests": [],
      "suites": [
        {
          "uuid": "0d1338ec-1c12-4b84-bbf9-5167857d0bc6",
          "title": "Compra",
          "fullFile": "",
          "file": "",
          "beforeHooks": [],
          "afterHooks": [],
          "tests": [
            {
              "title": "Efetuar uma compra de produto",
              "fullTitle": "Compra Efetuar uma compra de produto",
              "timedOut": null,
              "duration": 14014,
              "state": "passed",
              "speed": "slow",
              "pass": true,
              "fail": false,
              "pending": false,
              "context": null,
              "code": "cy.backgroundLogin();\ncy.visit('/'); // cy.pause()\nvar nomeProduto = 'Faded Short Sleeve T-shirts'; // mouseover passa o mouse sobre o produto. Mas deve ter o 'gatilho' (trigger) para acionar esse recurso.\ncy.contains(nomeProduto).trigger('mouseover');\ncy.contains(nomeProduto).parents() // o parents é para podermos buscar dentro da árvore de elementos por nível [h5]\n.siblings('div.button-container') // verificando os irmãos de um elemento\n.children('a').first() // add to cart // O first pega uma posição específica\n.click(); // Validando se o produto foi adicionado ao carrinho com sucesso\ncy.get('.icon-ok').parent() // h2\n.should('contain.text', 'Product successfully added to your shopping cart');\ncy.get('span#layer_cart_product_title').should('contain.text', nomeProduto); // cy.pause()\ncy.get(\".button-container a[href$='controller=order']\").click();\ncy.get(\".cart_navigation a[href$='controller=order&step=1']\").click();\n/*\ncy.get('#email').type('guilherme.sousa@gazin.com.br')\ncy.get('#passwd').type('12345678')\n  cy.get('#SubmitLogin').click()\n*/\n// Validando se o endereço de cobrança é igual o de cobrança\n// [type=\"checkbox\"]#addressesAreEquals[value=\"1\"][checked=\"checked\"]\n// asserção | atributo | valor    \n// 'have.attr' quer fizer tenha o atributo checked e que esse atributo se chame checked.\ncy.get('[type=\"checkbox\"]#addressesAreEquals').should('have.attr', 'checked', 'checked');\ncy.get('[type=\"checkbox\"]#addressesAreEquals').should('have.attr', 'name', 'same');\ncy.get('button[name=\"processAddress\"]').click();\ncy.get('input[type=checkbox]#cgv').check();\ncy.get('button[name=\"processCarrier\"]').click();\ncy.get('a[class=\"bankwire\"][title$=\"wire\"]').click();\ncy.get('#cart_navigation button[type=\"submit\"]').find('span').contains('I confirm my order').click(); // expect = forma explícita\n// should = forma implícita\ncy.get('p[class=\"cheque-indent\"] strong').should('contain.text', 'Your order on My Store is complete.');\ncy.get('div.box').invoke('text').then(function (text) {\n  console.log(text); // https://regexr.com/\n  console.log(text.match(/[A-Z][A-Z]+/g)[1]); // no caso o [1] é um array e representa o ID do pedido\n  // 0 -> RTP\n  // 1 -> ID do pedido\n  // Escrita de um arquivo json com o conteúdo do pedido\n  // Caminho do arquivo (o caminho é sempre a partir do root do projeto) | conteúdo do arquivo\n  // Ao passar o diretório + nome do arquivo, o mesmo será criado após a execução do teste\n  cy.writeFile('cypress/fixtures/pedido.json', {\n    id: \"\".concat(text.match(/[A-Z][A-Z]+/g)[1])\n  });\n});\ncy.get(\".cart_navigation a[href$='history']\").click(); // Leitura de um arquivo\ncy.readFile('cypress/fixtures/pedido.json').then(function (pedido) {\n  cy.get('tr.first_item .history_link a').should('contain.text', pedido.id);\n});\n/*\n* No HTML o . é utilizado para classes.\n* No json o . é utilizado para representar o nível dentro do caminho do arquivo\n*/\n/*\n* 1. [x] capturar o texto do box\n* 2. [x] filtrar o texto do box para extrair somente o ID do pedido\n* 3. [x] armazenar o ID do pedido de alguma forma\n* 4. [x] obter o ID do pedido armazenado de alguma forma\n*/",
              "err": {},
              "uuid": "d3d0c1b2-9c91-429c-93f1-5248fc593212",
              "parentUUID": "0d1338ec-1c12-4b84-bbf9-5167857d0bc6",
              "isHook": false,
              "skipped": false
            }
          ],
          "suites": [],
          "passes": [
            "d3d0c1b2-9c91-429c-93f1-5248fc593212"
          ],
          "failures": [],
          "pending": [],
          "skipped": [],
          "duration": 14014,
          "root": false,
          "rootEmpty": false,
          "_timeout": 2000
        }
      ],
      "passes": [],
      "failures": [],
      "pending": [],
      "skipped": [],
      "duration": 0,
      "root": true,
      "rootEmpty": true,
      "_timeout": 2000
    }
  ],
  "meta": {
    "mocha": {
      "version": "7.0.1"
    },
    "mochawesome": {
      "options": {
        "quiet": true,
        "reportFilename": "mochawesome",
        "saveHtml": false,
        "saveJson": true,
        "consoleReporter": "spec",
        "useInlineDiffs": false,
        "code": true
      },
      "version": "6.2.1"
    },
    "marge": {
      "options": {
        "id": "default",
        "reportDir": "mochawesome-report",
        "quiet": true,
        "overwrite": false,
        "html": false,
        "json": true
      },
      "version": "5.1.0"
    }
  }
}